Using pre-set license
Built from '2020.3/release' branch; Version is '2020.3.12f1 (b3b2c6512326) revision 11776710'; Using compiler version '192528614'; Build Type 'Release'
OS: 'Windows 7  (6.1.0) 64bit' Language: 'zh' Physical Memory: 8156 MB
BatchMode: 1, IsHumanControllingUs: 0, StartBugReporterOnCrash: 0, Is64bit: 1, IsPro: 0

 COMMAND LINE ARGUMENTS:
C:\Program Files\Unity\Hub\Editor\2020.3.12f1\Editor\Unity.exe
-adb2
-batchMode
-noUpm
-name
AssetImportWorker0
-projectPath
E:/github/class/210626unity_class_2Dgame/210626unity_class1
-logFile
Logs/AssetImportWorker0.log
-srvPort
60084
Successfully changed project path to: E:/github/class/210626unity_class_2Dgame/210626unity_class1
E:/github/class/210626unity_class_2Dgame/210626unity_class1
Using Asset Import Pipeline V2.
Refreshing native plugins compatible for Editor in 78.81 ms, found 3 plugins.
Preloading 0 native plugins for Editor in 0.00 ms.
Initialize engine version: 2020.3.12f1 (b3b2c6512326)
[Subsystems] Discovering subsystems at path C:/Program Files/Unity/Hub/Editor/2020.3.12f1/Editor/Data/Resources/UnitySubsystems
[Subsystems] Discovering subsystems at path E:/github/class/210626unity_class_2Dgame/210626unity_class1/Assets
GfxDevice: creating device client; threaded=0
d3d11: CreateDXGIFactory2(...) not found, fallbacking to CreateDXGIFactory1(...).
d3d11: QueryInterface(IDXGIFactory5) failed (80004002).
Direct3D:
    Version:  Direct3D 11.0 [level 11.0]
    Renderer: NVIDIA GeForce GTX 950 (ID=0x1402)
    Vendor:   
    VRAM:     1970 MB
    Driver:   10.18.13.5582
Initialize mono
Mono path[0] = 'C:/Program Files/Unity/Hub/Editor/2020.3.12f1/Editor/Data/Managed'
Mono path[1] = 'C:/Program Files/Unity/Hub/Editor/2020.3.12f1/Editor/Data/MonoBleedingEdge/lib/mono/unityjit'
Mono config path = 'C:/Program Files/Unity/Hub/Editor/2020.3.12f1/Editor/Data/MonoBleedingEdge/etc'
Using monoOptions --debugger-agent=transport=dt_socket,embedding=1,server=y,suspend=n,address=127.0.0.1:56724
Begin MonoManager ReloadAssembly
Registering precompiled unity dll's ...
Register platform support module: C:/Program Files/Unity/Hub/Editor/2020.3.12f1/Editor/Data/PlaybackEngines/WindowsStandaloneSupport/UnityEditor.WindowsStandalone.Extensions.dll
Registered in 0.000817 seconds.
Native extension for WindowsStandalone target not found
Refreshing native plugins compatible for Editor in 49.19 ms, found 3 plugins.
Preloading 0 native plugins for Editor in 0.00 ms.
Mono: successfully reloaded assembly
- Completed reload, in  0.931 seconds
Platform modules already initialized, skipping
Registering precompiled user dll's ...
Registered in 0.002017 seconds.
Begin MonoManager ReloadAssembly
Native extension for WindowsStandalone target not found
Refreshing native plugins compatible for Editor in 48.36 ms, found 3 plugins.
Preloading 0 native plugins for Editor in 0.00 ms.
Mono: successfully reloaded assembly
- Completed reload, in  1.182 seconds
Platform modules already initialized, skipping
========================================================================
Worker process is ready to serve import requests
Launched and connected shader compiler UnityShaderCompiler.exe after 0.02 seconds
Refreshing native plugins compatible for Editor in 0.52 ms, found 3 plugins.
Preloading 0 native plugins for Editor in 0.00 ms.
Unloading 2080 Unused Serialized files (Serialized files now loaded: 0)
System memory in use before: 93.8 MB.
System memory in use after: 93.8 MB.

Unloading 33 unused Assets to reduce memory usage. Loaded Objects now: 2520.
Total: 2.729671 ms (FindLiveObjects: 0.198253 ms CreateObjectMapping: 0.087899 ms MarkObjects: 2.264513 ms  DeleteObjects: 0.177722 ms)

AssetImportParameters requested are different than current active one (requested -> active):
  custom:framework-win-MediaFoundation: 216162199b28c13a410421893ffa2e32 -> 
  custom:video-decoder-ogg-theora: a1e56fd34408186e4bbccfd4996cb3dc -> 
  custom:container-muxer-webm: aa71ff27fc2769a1b78a27578f13a17b -> 
  custom:container-demuxer-webm: 4f35f7cbe854078d1ac9338744f61a02 -> 
  custom:container-demuxer-ogg: 62fdf1f143b41e24485cea50d1cbac27 -> 
  custom:video-encoder-webm-vp8: eb34c28f22e8b96e1ab97ce403110664 -> 
  custom:video-decoder-webm-vp8: 9c59270c3fd7afecdb556c50c9e8de78 -> 
  custom:audio-decoder-ogg-vorbis: bf7c407c2cedff20999df2af8eb42d56 -> 
  custom:audio-encoder-webm-vorbis: bf7c407c2cedff20999df2af8eb42d56 -> 
========================================================================
Received Import Request.
  path: Assets/Cainos/Pixel Art Platformer - Village Props/Scene/SC Demo Scene - Village PropsSettings.lighting
  artifactKey: Guid(e98bad096e863934fafc0af2993b9e00) Importer(815301076,1909f56bfc062723c751e8b465ee728b)
Start importing Assets/Cainos/Pixel Art Platformer - Village Props/Scene/SC Demo Scene - Village PropsSettings.lighting using Guid(e98bad096e863934fafc0af2993b9e00) Importer(815301076,1909f56bfc062723c751e8b465ee728b) LightingSettings: switching bake backend from 1 to 0.
 -> (artifact id: '2934d5dcfc163558692173aedb780282') in 0.058979 seconds 
  Import took 0.062541 seconds .

========================================================================
Received Import Request.
  Time since last request: 0.000163 seconds.
  path: Assets/Cainos/Pixel Art Platformer - Village Props/Scene/SC Demo Scene - Village Props.unity
  artifactKey: Guid(104b0d14871d44f4881963af94f49350) Importer(815301076,1909f56bfc062723c751e8b465ee728b)
Start importing Assets/Cainos/Pixel Art Platformer - Village Props/Scene/SC Demo Scene - Village Props.unity using Guid(104b0d14871d44f4881963af94f49350) Importer(815301076,1909f56bfc062723c751e8b465ee728b)  -> (artifact id: '5de72bd0c2c4c176bfa054d1618105b1') in 0.001292 seconds 
  Import took 0.004335 seconds .

========================================================================
Received Import Request.
  Time since last request: 16.956810 seconds.
  path: Assets/Scenes/menu.unity
  artifactKey: Guid(850ecca5321f71f40a514bcd11aa67c5) Importer(815301076,1909f56bfc062723c751e8b465ee728b)
Start importing Assets/Scenes/menu.unity using Guid(850ecca5321f71f40a514bcd11aa67c5) Importer(815301076,1909f56bfc062723c751e8b465ee728b)  -> (artifact id: 'ebc2763903bac0b5f91ba560c220e0e5') in 0.001557 seconds 
  Import took 0.005746 seconds .

========================================================================
Received Import Request.
  Time since last request: 816.306567 seconds.
  path: Assets/Scenes/menu.unity
  artifactKey: Guid(850ecca5321f71f40a514bcd11aa67c5) Importer(815301076,1909f56bfc062723c751e8b465ee728b)
Start importing Assets/Scenes/menu.unity using Guid(850ecca5321f71f40a514bcd11aa67c5) Importer(815301076,1909f56bfc062723c751e8b465ee728b)  -> (artifact id: 'fe3558e513cbb6da20671dead2a84439') in 0.001516 seconds 
  Import took 0.006087 seconds .

========================================================================
Received Import Request.
  Time since last request: 2.216205 seconds.
  path: Assets/Scenes/game_scene.unity
  artifactKey: Guid(7115fb823c0c0c44aaa22e5acf1fa80d) Importer(815301076,1909f56bfc062723c751e8b465ee728b)
Start importing Assets/Scenes/game_scene.unity using Guid(7115fb823c0c0c44aaa22e5acf1fa80d) Importer(815301076,1909f56bfc062723c751e8b465ee728b)  -> (artifact id: '92d35b46740f7d0703d04f5967f0174f') in 0.001652 seconds 
  Import took 0.005473 seconds .

========================================================================
Received Import Request.
  Time since last request: 0.001312 seconds.
  path: Assets/Scenes/game_scene.unity
  artifactKey: Guid(7115fb823c0c0c44aaa22e5acf1fa80d) Importer(815301076,1909f56bfc062723c751e8b465ee728b)
Start importing Assets/Scenes/game_scene.unity using Guid(7115fb823c0c0c44aaa22e5acf1fa80d) Importer(815301076,1909f56bfc062723c751e8b465ee728b)  -> (artifact id: '92d35b46740f7d0703d04f5967f0174f') in 0.001378 seconds 
  Import took 0.005143 seconds .

========================================================================
Received Import Request.
  Time since last request: 6.379100 seconds.
  path: Assets/拼解素材/ground.prefab
  artifactKey: Guid(5ad5a01a9f9eec548b088199654c7d9f) Importer(815301076,1909f56bfc062723c751e8b465ee728b)
Start importing Assets/拼解素材/ground.prefab using Guid(5ad5a01a9f9eec548b088199654c7d9f) Importer(815301076,1909f56bfc062723c751e8b465ee728b)  -> (artifact id: 'a9b27325dd1d571695a2496b048d1fde') in 0.014950 seconds 
  Import took 0.018849 seconds .

========================================================================
Received Import Request.
  Time since last request: 1912.081809 seconds.
  path: Assets/拼解素材/ground.prefab
  artifactKey: Guid(5ad5a01a9f9eec548b088199654c7d9f) Importer(815301076,1909f56bfc062723c751e8b465ee728b)
Start importing Assets/拼解素材/ground.prefab using Guid(5ad5a01a9f9eec548b088199654c7d9f) Importer(815301076,1909f56bfc062723c751e8b465ee728b)  -> (artifact id: '338c0cf436f88340ad4dbca3ab197111') in 0.002534 seconds 
  Import took 0.006147 seconds .

========================================================================
Received Import Request.
  Time since last request: 0.000260 seconds.
  path: Assets/拼解素材/TX Tileset Ground Darken BR.asset
  artifactKey: Guid(54f1c0b1de76af14da50b6d6719fbdf5) Importer(815301076,1909f56bfc062723c751e8b465ee728b)
Start importing Assets/拼解素材/TX Tileset Ground Darken BR.asset using Guid(54f1c0b1de76af14da50b6d6719fbdf5) Importer(815301076,1909f56bfc062723c751e8b465ee728b)  -> (artifact id: '6bfc15f60f46a911fcc3209c9df2c3a5') in 0.060726 seconds 
  Import took 0.064468 seconds .

========================================================================
Received Import Request.
  Time since last request: 0.000238 seconds.
  path: Assets/拼解素材/TX Tileset Ground Darken C BL.asset
  artifactKey: Guid(b6da63cc64a26dd4d90ec6dc26d1a3f9) Importer(815301076,1909f56bfc062723c751e8b465ee728b)
Start importing Assets/拼解素材/TX Tileset Ground Darken C BL.asset using Guid(b6da63cc64a26dd4d90ec6dc26d1a3f9) Importer(815301076,1909f56bfc062723c751e8b465ee728b)  -> (artifact id: 'd9d589591d864318d2a48a30dc87e133') in 0.006991 seconds 
  Import took 0.011312 seconds .

========================================================================
Received Import Request.
  Time since last request: 0.000187 seconds.
  path: Assets/拼解素材/TX Tileset Ground Darken B.asset
  artifactKey: Guid(234bcb83fc6d86f418e2df0d657c2fa4) Importer(815301076,1909f56bfc062723c751e8b465ee728b)
Start importing Assets/拼解素材/TX Tileset Ground Darken B.asset using Guid(234bcb83fc6d86f418e2df0d657c2fa4) Importer(815301076,1909f56bfc062723c751e8b465ee728b)  -> (artifact id: '65e6e484217debb4e7414d87431ebdf2') in 0.005070 seconds 
  Import took 0.009900 seconds .

========================================================================
Received Import Request.
  Time since last request: 0.000227 seconds.
  path: Assets/拼解素材/TX Tileset Ground Darken BL.asset
  artifactKey: Guid(8ee03c59f8c478b4980e4a2c86846de9) Importer(815301076,1909f56bfc062723c751e8b465ee728b)
Start importing Assets/拼解素材/TX Tileset Ground Darken BL.asset using Guid(8ee03c59f8c478b4980e4a2c86846de9) Importer(815301076,1909f56bfc062723c751e8b465ee728b)  -> (artifact id: 'b522fcf7c5dc0fd4e074776ae2fda806') in 0.005380 seconds 
  Import took 0.009390 seconds .

========================================================================
Received Import Request.
  Time since last request: 0.000205 seconds.
  path: Assets/拼解素材/TX Tileset Ground Darken C BR.asset
  artifactKey: Guid(8d870a4382d17c04a895dccc628cd0ca) Importer(815301076,1909f56bfc062723c751e8b465ee728b)
Start importing Assets/拼解素材/TX Tileset Ground Darken C BR.asset using Guid(8d870a4382d17c04a895dccc628cd0ca) Importer(815301076,1909f56bfc062723c751e8b465ee728b)  -> (artifact id: 'c8adf0cfdf6a5b22b236fe06109e5b4b') in 0.004503 seconds 
  Import took 0.029635 seconds .

========================================================================
Received Import Request.
  Time since last request: 0.000182 seconds.
  path: Assets/拼解素材/TX Tileset Ground Darken C R.asset
  artifactKey: Guid(f998e0a445ee8eb49aa6349cbabf3a17) Importer(815301076,1909f56bfc062723c751e8b465ee728b)
Start importing Assets/拼解素材/TX Tileset Ground Darken C R.asset using Guid(f998e0a445ee8eb49aa6349cbabf3a17) Importer(815301076,1909f56bfc062723c751e8b465ee728b)  -> (artifact id: 'c61752e9c6d51adecaa34bcc42101498') in 0.005160 seconds 
  Import took 0.008835 seconds .

========================================================================
Received Import Request.
  Time since last request: 0.000239 seconds.
  path: Assets/拼解素材/TX Tileset Ground Darken C B.asset
  artifactKey: Guid(8ea69c8ac19be3d4a80409db7b742416) Importer(815301076,1909f56bfc062723c751e8b465ee728b)
Start importing Assets/拼解素材/TX Tileset Ground Darken C B.asset using Guid(8ea69c8ac19be3d4a80409db7b742416) Importer(815301076,1909f56bfc062723c751e8b465ee728b)  -> (artifact id: 'a72c4ba66f5a71b0a04dfb401d19f05f') in 0.005937 seconds 
  Import took 0.010199 seconds .

========================================================================
Received Import Request.
  Time since last request: 0.000203 seconds.
  path: Assets/拼解素材/TX Tileset Ground Darken C L.asset
  artifactKey: Guid(0db7649c1ad19e84b962ed9c5fffd996) Importer(815301076,1909f56bfc062723c751e8b465ee728b)
Start importing Assets/拼解素材/TX Tileset Ground Darken C L.asset using Guid(0db7649c1ad19e84b962ed9c5fffd996) Importer(815301076,1909f56bfc062723c751e8b465ee728b)  -> (artifact id: 'e90dd8404f3b967d6daa898977fbb935') in 0.005573 seconds 
  Import took 0.010377 seconds .

========================================================================
Received Import Request.
  Time since last request: 0.000159 seconds.
  path: Assets/拼解素材/TX Tileset Ground Darken C TL.asset
  artifactKey: Guid(3a61a920d0d95e5459a0d458896a371e) Importer(815301076,1909f56bfc062723c751e8b465ee728b)
Start importing Assets/拼解素材/TX Tileset Ground Darken C TL.asset using Guid(3a61a920d0d95e5459a0d458896a371e) Importer(815301076,1909f56bfc062723c751e8b465ee728b)  -> (artifact id: 'b55a380db4fcbc6798d66ce2ea669a0b') in 0.004451 seconds 
  Import took 0.008371 seconds .

========================================================================
Received Import Request.
  Time since last request: 0.000138 seconds.
  path: Assets/拼解素材/TX Tileset Ground Darken Col B.asset
  artifactKey: Guid(0b443074842b1a44493db0226dd59224) Importer(815301076,1909f56bfc062723c751e8b465ee728b)
Start importing Assets/拼解素材/TX Tileset Ground Darken Col B.asset using Guid(0b443074842b1a44493db0226dd59224) Importer(815301076,1909f56bfc062723c751e8b465ee728b)  -> (artifact id: '416034a3f5a2386521be1da87ffd1526') in 0.006732 seconds 
  Import took 0.010621 seconds .

========================================================================
Received Import Request.
  Time since last request: 0.000158 seconds.
  path: Assets/拼解素材/TX Tileset Ground Darken C T.asset
  artifactKey: Guid(a035906ee44205a47b883fd77de16bf5) Importer(815301076,1909f56bfc062723c751e8b465ee728b)
Start importing Assets/拼解素材/TX Tileset Ground Darken C T.asset using Guid(a035906ee44205a47b883fd77de16bf5) Importer(815301076,1909f56bfc062723c751e8b465ee728b)  -> (artifact id: '9d747c907dbadb1f5da8ec2a48c19cb4') in 0.004462 seconds 
  Import took 0.008552 seconds .

========================================================================
Received Import Request.
  Time since last request: 0.000135 seconds.
  path: Assets/拼解素材/TX Tileset Ground Darken C TR.asset
  artifactKey: Guid(097cd2f683ec3974fa8f5454247d4ce6) Importer(815301076,1909f56bfc062723c751e8b465ee728b)
Start importing Assets/拼解素材/TX Tileset Ground Darken C TR.asset using Guid(097cd2f683ec3974fa8f5454247d4ce6) Importer(815301076,1909f56bfc062723c751e8b465ee728b)  -> (artifact id: 'f98edd0a1dc74b622d6d837606cc5f00') in 0.004301 seconds 
  Import took 0.008221 seconds .

AssetImportWorkerClient::OnTransportError - code=2 error=End of file
