Using pre-set license
Built from '2020.3/release' branch; Version is '2020.3.12f1 (b3b2c6512326) revision 11776710'; Using compiler version '192528614'; Build Type 'Release'
OS: 'Windows 7  (6.1.0) 64bit' Language: 'zh' Physical Memory: 8156 MB
BatchMode: 1, IsHumanControllingUs: 0, StartBugReporterOnCrash: 0, Is64bit: 1, IsPro: 0

 COMMAND LINE ARGUMENTS:
C:\Program Files\Unity\Hub\Editor\2020.3.12f1\Editor\Unity.exe
-adb2
-batchMode
-noUpm
-name
AssetImportWorker0
-projectPath
E:/github/class/210626unity_class1/homework
-logFile
Logs/AssetImportWorker0.log
-srvPort
52446
Successfully changed project path to: E:/github/class/210626unity_class1/homework
E:/github/class/210626unity_class1/homework
Using Asset Import Pipeline V2.
Refreshing native plugins compatible for Editor in 41.35 ms, found 3 plugins.
Preloading 0 native plugins for Editor in 0.00 ms.
Initialize engine version: 2020.3.12f1 (b3b2c6512326)
[Subsystems] Discovering subsystems at path C:/Program Files/Unity/Hub/Editor/2020.3.12f1/Editor/Data/Resources/UnitySubsystems
[Subsystems] Discovering subsystems at path E:/github/class/210626unity_class1/homework/Assets
GfxDevice: creating device client; threaded=0
d3d11: CreateDXGIFactory2(...) not found, fallbacking to CreateDXGIFactory1(...).
d3d11: QueryInterface(IDXGIFactory5) failed (80004002).
Direct3D:
    Version:  Direct3D 11.0 [level 11.0]
    Renderer: NVIDIA GeForce GTX 950 (ID=0x1402)
    Vendor:   
    VRAM:     1970 MB
    Driver:   10.18.13.5582
Initialize mono
Mono path[0] = 'C:/Program Files/Unity/Hub/Editor/2020.3.12f1/Editor/Data/Managed'
Mono path[1] = 'C:/Program Files/Unity/Hub/Editor/2020.3.12f1/Editor/Data/MonoBleedingEdge/lib/mono/unityjit'
Mono config path = 'C:/Program Files/Unity/Hub/Editor/2020.3.12f1/Editor/Data/MonoBleedingEdge/etc'
Using monoOptions --debugger-agent=transport=dt_socket,embedding=1,server=y,suspend=n,address=127.0.0.1:56184
Begin MonoManager ReloadAssembly
Registering precompiled unity dll's ...
Register platform support module: C:/Program Files/Unity/Hub/Editor/2020.3.12f1/Editor/Data/PlaybackEngines/WindowsStandaloneSupport/UnityEditor.WindowsStandalone.Extensions.dll
Registered in 0.000788 seconds.
Native extension for WindowsStandalone target not found
Refreshing native plugins compatible for Editor in 44.62 ms, found 3 plugins.
Preloading 0 native plugins for Editor in 0.00 ms.
Mono: successfully reloaded assembly
- Completed reload, in  0.851 seconds
Platform modules already initialized, skipping
Registering precompiled user dll's ...
Registered in 0.001729 seconds.
Begin MonoManager ReloadAssembly
Native extension for WindowsStandalone target not found
Refreshing native plugins compatible for Editor in 43.00 ms, found 3 plugins.
Preloading 0 native plugins for Editor in 0.00 ms.
Mono: successfully reloaded assembly
- Completed reload, in  1.086 seconds
Platform modules already initialized, skipping
========================================================================
Worker process is ready to serve import requests
Launched and connected shader compiler UnityShaderCompiler.exe after 0.02 seconds
Refreshing native plugins compatible for Editor in 0.49 ms, found 3 plugins.
Preloading 0 native plugins for Editor in 0.00 ms.
Unloading 2080 Unused Serialized files (Serialized files now loaded: 0)
System memory in use before: 92.8 MB.
System memory in use after: 92.8 MB.

Unloading 33 unused Assets to reduce memory usage. Loaded Objects now: 2514.
Total: 2.359753 ms (FindLiveObjects: 0.197929 ms CreateObjectMapping: 0.086935 ms MarkObjects: 1.928608 ms  DeleteObjects: 0.145640 ms)

AssetImportParameters requested are different than current active one (requested -> active):
  custom:framework-win-MediaFoundation: 216162199b28c13a410421893ffa2e32 -> 
  custom:video-decoder-ogg-theora: a1e56fd34408186e4bbccfd4996cb3dc -> 
  custom:container-muxer-webm: aa71ff27fc2769a1b78a27578f13a17b -> 
  custom:container-demuxer-webm: 4f35f7cbe854078d1ac9338744f61a02 -> 
  custom:container-demuxer-ogg: 62fdf1f143b41e24485cea50d1cbac27 -> 
  custom:video-encoder-webm-vp8: eb34c28f22e8b96e1ab97ce403110664 -> 
  custom:video-decoder-webm-vp8: 9c59270c3fd7afecdb556c50c9e8de78 -> 
  custom:audio-decoder-ogg-vorbis: bf7c407c2cedff20999df2af8eb42d56 -> 
  custom:audio-encoder-webm-vorbis: bf7c407c2cedff20999df2af8eb42d56 -> 
========================================================================
Received Import Request.
  path: Assets/Scenes
  artifactKey: Guid(79865b99f6b81b949b00a053421802d5) Importer(815301076,1909f56bfc062723c751e8b465ee728b)
Start importing Assets/Scenes using Guid(79865b99f6b81b949b00a053421802d5) Importer(815301076,1909f56bfc062723c751e8b465ee728b)  -> (artifact id: 'effd0a5c2f2e99f33da11d311ed2f8a6') in 0.003903 seconds 
  Import took 0.007234 seconds .

========================================================================
Received Import Request.
  Time since last request: 0.428177 seconds.
  path: Assets/Scenes/SampleScene.unity
  artifactKey: Guid(2cda990e2423bbf4892e6590ba056729) Importer(815301076,1909f56bfc062723c751e8b465ee728b)
Start importing Assets/Scenes/SampleScene.unity using Guid(2cda990e2423bbf4892e6590ba056729) Importer(815301076,1909f56bfc062723c751e8b465ee728b)  -> (artifact id: 'aa27944bdea339c97c39027c7eea529c') in 0.015416 seconds 
  Import took 0.019862 seconds .

========================================================================
Received Import Request.
  Time since last request: 22.193469 seconds.
  path: Assets/New Render Texture.renderTexture
  artifactKey: Guid(b4313f68b661db9478d8ef1f0bf5f6e5) Importer(815301076,1909f56bfc062723c751e8b465ee728b)
Start importing Assets/New Render Texture.renderTexture using Guid(b4313f68b661db9478d8ef1f0bf5f6e5) Importer(815301076,1909f56bfc062723c751e8b465ee728b)  -> (artifact id: '13a6f60774d86ebdf4be4f18518447c0') in 0.066836 seconds 
  Import took 0.070454 seconds .

========================================================================
Received Import Request.
  Time since last request: 11.041140 seconds.
  path: Assets/images
  artifactKey: Guid(533d409a89668a14f88b47bebc474947) Importer(815301076,1909f56bfc062723c751e8b465ee728b)
Start importing Assets/images using Guid(533d409a89668a14f88b47bebc474947) Importer(815301076,1909f56bfc062723c751e8b465ee728b)  -> (artifact id: '9cf3b48de9b9017ed7ec27a70d566ffc') in 0.001183 seconds 
  Import took 0.005065 seconds .

========================================================================
Received Import Request.
  Time since last request: 20.650555 seconds.
  path: Assets/images/autumn_background___pixel_by_provellone_dekbvia.jpg
  artifactKey: Guid(9764eddfe569db447998b36073fa6b93) Importer(815301076,1909f56bfc062723c751e8b465ee728b)
Start importing Assets/images/autumn_background___pixel_by_provellone_dekbvia.jpg using Guid(9764eddfe569db447998b36073fa6b93) Importer(815301076,1909f56bfc062723c751e8b465ee728b)  -> (artifact id: 'e3d5c87b54ee51c428112a91587d3748') in 0.030714 seconds 
  Import took 0.034789 seconds .

========================================================================
Received Prepare
Registering precompiled user dll's ...
Registered in 0.001691 seconds.
Begin MonoManager ReloadAssembly
Native extension for WindowsStandalone target not found
Refreshing native plugins compatible for Editor in 0.47 ms, found 3 plugins.
Preloading 0 native plugins for Editor in 0.00 ms.
Mono: successfully reloaded assembly
- Completed reload, in  0.976 seconds
Platform modules already initialized, skipping
Refreshing native plugins compatible for Editor in 0.45 ms, found 3 plugins.
Preloading 0 native plugins for Editor in 0.00 ms.
Unloading 2075 Unused Serialized files (Serialized files now loaded: 0)
System memory in use before: 95.8 MB.
System memory in use after: 95.8 MB.

Unloading 21 unused Assets to reduce memory usage. Loaded Objects now: 2527.
Total: 2.685358 ms (FindLiveObjects: 0.288714 ms CreateObjectMapping: 0.081802 ms MarkObjects: 2.175618 ms  DeleteObjects: 0.138262 ms)

AssetImportParameters requested are different than current active one (requested -> active):
  custom:framework-win-MediaFoundation: 216162199b28c13a410421893ffa2e32 -> 
  custom:video-decoder-ogg-theora: a1e56fd34408186e4bbccfd4996cb3dc -> 
  custom:container-muxer-webm: aa71ff27fc2769a1b78a27578f13a17b -> 
  custom:container-demuxer-webm: 4f35f7cbe854078d1ac9338744f61a02 -> 
  custom:container-demuxer-ogg: 62fdf1f143b41e24485cea50d1cbac27 -> 
  custom:video-encoder-webm-vp8: eb34c28f22e8b96e1ab97ce403110664 -> 
  custom:video-decoder-webm-vp8: 9c59270c3fd7afecdb556c50c9e8de78 -> 
  custom:audio-decoder-ogg-vorbis: bf7c407c2cedff20999df2af8eb42d56 -> 
  custom:audio-encoder-webm-vorbis: bf7c407c2cedff20999df2af8eb42d56 -> 
========================================================================
Received Import Request.
  Time since last request: 1422.428863 seconds.
  path: Assets/word
  artifactKey: Guid(7118b3ac694775243a060cf786e889c9) Importer(815301076,1909f56bfc062723c751e8b465ee728b)
Start importing Assets/word using Guid(7118b3ac694775243a060cf786e889c9) Importer(815301076,1909f56bfc062723c751e8b465ee728b)  -> (artifact id: '49ea4bff1aa402c617000f063bb2d05f') in 0.003949 seconds 
  Import took 0.008111 seconds .

========================================================================
Received Import Request.
  Time since last request: 316.522045 seconds.
  path: Assets/word/Achaflft.ttf
  artifactKey: Guid(4e9c93702721e9f40b1db72ad8ede5f1) Importer(815301076,1909f56bfc062723c751e8b465ee728b)
Start importing Assets/word/Achaflft.ttf using Guid(4e9c93702721e9f40b1db72ad8ede5f1) Importer(815301076,1909f56bfc062723c751e8b465ee728b)  -> (artifact id: 'd0032240c6918260063df32212e7ec72') in 0.066120 seconds 
  Import took 0.070681 seconds .

========================================================================
Received Import Request.
  Time since last request: 0.003876 seconds.
  path: Assets/word/Achaflft.ttf
  artifactKey: Guid(4e9c93702721e9f40b1db72ad8ede5f1) Importer(815301076,1909f56bfc062723c751e8b465ee728b)
Start importing Assets/word/Achaflft.ttf using Guid(4e9c93702721e9f40b1db72ad8ede5f1) Importer(815301076,1909f56bfc062723c751e8b465ee728b)  -> (artifact id: 'd0032240c6918260063df32212e7ec72') in 0.007770 seconds 
  Import took 0.011950 seconds .

========================================================================
Received Import Request.
  Time since last request: 272.947476 seconds.
  path: Assets/word/RifficFree-Bold.ttf
  artifactKey: Guid(e590b6bfc5f0f3b48b1496f05aa3737d) Importer(815301076,1909f56bfc062723c751e8b465ee728b)
Start importing Assets/word/RifficFree-Bold.ttf using Guid(e590b6bfc5f0f3b48b1496f05aa3737d) Importer(815301076,1909f56bfc062723c751e8b465ee728b)  -> (artifact id: '0813b7b75b1bad9a87d65a6aefe03e2c') in 0.009354 seconds 
  Import took 0.014045 seconds .

========================================================================
Received Import Request.
  Time since last request: 0.001416 seconds.
  path: Assets/word/RifficFree-Bold.ttf
  artifactKey: Guid(e590b6bfc5f0f3b48b1496f05aa3737d) Importer(815301076,1909f56bfc062723c751e8b465ee728b)
Start importing Assets/word/RifficFree-Bold.ttf using Guid(e590b6bfc5f0f3b48b1496f05aa3737d) Importer(815301076,1909f56bfc062723c751e8b465ee728b)  -> (artifact id: '0813b7b75b1bad9a87d65a6aefe03e2c') in 0.008671 seconds 
  Import took 0.012820 seconds .

========================================================================
Received Prepare
Registering precompiled user dll's ...
Registered in 0.001647 seconds.
Begin MonoManager ReloadAssembly
Native extension for WindowsStandalone target not found
Refreshing native plugins compatible for Editor in 0.42 ms, found 3 plugins.
Preloading 0 native plugins for Editor in 0.00 ms.
Mono: successfully reloaded assembly
- Completed reload, in  0.940 seconds
Platform modules already initialized, skipping
Refreshing native plugins compatible for Editor in 0.50 ms, found 3 plugins.
Preloading 0 native plugins for Editor in 0.00 ms.
Unloading 2075 Unused Serialized files (Serialized files now loaded: 0)
System memory in use before: 96.2 MB.
System memory in use after: 96.2 MB.

Unloading 21 unused Assets to reduce memory usage. Loaded Objects now: 2572.
Total: 2.616067 ms (FindLiveObjects: 0.217177 ms CreateObjectMapping: 0.096238 ms MarkObjects: 2.192620 ms  DeleteObjects: 0.108749 ms)

AssetImportParameters requested are different than current active one (requested -> active):
  custom:framework-win-MediaFoundation: 216162199b28c13a410421893ffa2e32 -> 
  custom:video-decoder-ogg-theora: a1e56fd34408186e4bbccfd4996cb3dc -> 
  custom:container-muxer-webm: aa71ff27fc2769a1b78a27578f13a17b -> 
  custom:container-demuxer-webm: 4f35f7cbe854078d1ac9338744f61a02 -> 
  custom:container-demuxer-ogg: 62fdf1f143b41e24485cea50d1cbac27 -> 
  custom:video-encoder-webm-vp8: eb34c28f22e8b96e1ab97ce403110664 -> 
  custom:video-decoder-webm-vp8: 9c59270c3fd7afecdb556c50c9e8de78 -> 
  custom:audio-decoder-ogg-vorbis: bf7c407c2cedff20999df2af8eb42d56 -> 
  custom:audio-encoder-webm-vorbis: bf7c407c2cedff20999df2af8eb42d56 -> 
========================================================================
Received Prepare
Registering precompiled user dll's ...
Registered in 0.001744 seconds.
Begin MonoManager ReloadAssembly
Native extension for WindowsStandalone target not found
Refreshing native plugins compatible for Editor in 0.51 ms, found 3 plugins.
Preloading 0 native plugins for Editor in 0.00 ms.
Mono: successfully reloaded assembly
- Completed reload, in  0.936 seconds
Platform modules already initialized, skipping
Refreshing native plugins compatible for Editor in 0.48 ms, found 3 plugins.
Preloading 0 native plugins for Editor in 0.00 ms.
Unloading 2075 Unused Serialized files (Serialized files now loaded: 0)
System memory in use before: 96.2 MB.
System memory in use after: 96.2 MB.

Unloading 21 unused Assets to reduce memory usage. Loaded Objects now: 2576.
Total: 2.552871 ms (FindLiveObjects: 0.216214 ms CreateObjectMapping: 0.187022 ms MarkObjects: 2.002711 ms  DeleteObjects: 0.145961 ms)

AssetImportParameters requested are different than current active one (requested -> active):
  custom:framework-win-MediaFoundation: 216162199b28c13a410421893ffa2e32 -> 
  custom:video-decoder-ogg-theora: a1e56fd34408186e4bbccfd4996cb3dc -> 
  custom:container-muxer-webm: aa71ff27fc2769a1b78a27578f13a17b -> 
  custom:container-demuxer-webm: 4f35f7cbe854078d1ac9338744f61a02 -> 
  custom:container-demuxer-ogg: 62fdf1f143b41e24485cea50d1cbac27 -> 
  custom:video-encoder-webm-vp8: eb34c28f22e8b96e1ab97ce403110664 -> 
  custom:video-decoder-webm-vp8: 9c59270c3fd7afecdb556c50c9e8de78 -> 
  custom:audio-decoder-ogg-vorbis: bf7c407c2cedff20999df2af8eb42d56 -> 
  custom:audio-encoder-webm-vorbis: bf7c407c2cedff20999df2af8eb42d56 -> 
========================================================================
Received Prepare
Registering precompiled user dll's ...
Registered in 0.001806 seconds.
Begin MonoManager ReloadAssembly
Native extension for WindowsStandalone target not found
Refreshing native plugins compatible for Editor in 0.46 ms, found 3 plugins.
Preloading 0 native plugins for Editor in 0.00 ms.
Mono: successfully reloaded assembly
- Completed reload, in  0.932 seconds
Platform modules already initialized, skipping
Refreshing native plugins compatible for Editor in 0.48 ms, found 3 plugins.
Preloading 0 native plugins for Editor in 0.00 ms.
Unloading 2075 Unused Serialized files (Serialized files now loaded: 0)
System memory in use before: 96.2 MB.
System memory in use after: 96.2 MB.

Unloading 21 unused Assets to reduce memory usage. Loaded Objects now: 2580.
Total: 2.594895 ms (FindLiveObjects: 0.203383 ms CreateObjectMapping: 0.087576 ms MarkObjects: 2.138727 ms  DeleteObjects: 0.164246 ms)

AssetImportParameters requested are different than current active one (requested -> active):
  custom:framework-win-MediaFoundation: 216162199b28c13a410421893ffa2e32 -> 
  custom:video-decoder-ogg-theora: a1e56fd34408186e4bbccfd4996cb3dc -> 
  custom:container-muxer-webm: aa71ff27fc2769a1b78a27578f13a17b -> 
  custom:container-demuxer-webm: 4f35f7cbe854078d1ac9338744f61a02 -> 
  custom:container-demuxer-ogg: 62fdf1f143b41e24485cea50d1cbac27 -> 
  custom:video-encoder-webm-vp8: eb34c28f22e8b96e1ab97ce403110664 -> 
  custom:video-decoder-webm-vp8: 9c59270c3fd7afecdb556c50c9e8de78 -> 
  custom:audio-decoder-ogg-vorbis: bf7c407c2cedff20999df2af8eb42d56 -> 
  custom:audio-encoder-webm-vorbis: bf7c407c2cedff20999df2af8eb42d56 -> 
========================================================================
Received Prepare
Registering precompiled user dll's ...
Registered in 0.001601 seconds.
Begin MonoManager ReloadAssembly
Native extension for WindowsStandalone target not found
Refreshing native plugins compatible for Editor in 0.44 ms, found 3 plugins.
Preloading 0 native plugins for Editor in 0.00 ms.
Mono: successfully reloaded assembly
- Completed reload, in  0.962 seconds
Platform modules already initialized, skipping
Refreshing native plugins compatible for Editor in 0.45 ms, found 3 plugins.
Preloading 0 native plugins for Editor in 0.00 ms.
Unloading 2075 Unused Serialized files (Serialized files now loaded: 0)
System memory in use before: 96.2 MB.
System memory in use after: 96.2 MB.

Unloading 21 unused Assets to reduce memory usage. Loaded Objects now: 2584.
Total: 2.563136 ms (FindLiveObjects: 0.189589 ms CreateObjectMapping: 0.074424 ms MarkObjects: 2.163428 ms  DeleteObjects: 0.134733 ms)

AssetImportParameters requested are different than current active one (requested -> active):
  custom:framework-win-MediaFoundation: 216162199b28c13a410421893ffa2e32 -> 
  custom:video-decoder-ogg-theora: a1e56fd34408186e4bbccfd4996cb3dc -> 
  custom:container-muxer-webm: aa71ff27fc2769a1b78a27578f13a17b -> 
  custom:container-demuxer-webm: 4f35f7cbe854078d1ac9338744f61a02 -> 
  custom:container-demuxer-ogg: 62fdf1f143b41e24485cea50d1cbac27 -> 
  custom:video-encoder-webm-vp8: eb34c28f22e8b96e1ab97ce403110664 -> 
  custom:video-decoder-webm-vp8: 9c59270c3fd7afecdb556c50c9e8de78 -> 
  custom:audio-decoder-ogg-vorbis: bf7c407c2cedff20999df2af8eb42d56 -> 
  custom:audio-encoder-webm-vorbis: bf7c407c2cedff20999df2af8eb42d56 -> 
AssetImportWorkerClient::OnTransportError - code=2 error=End of file
